\o Program:		@(#)$CDS: libManager version 6.1.8 - CAT37 06/21/2022 12:53 (cpgsrv12) $
\o Sub version:		sub-version  s266 
\o Arguments:		-mpssession virtuoso3515866 -mpshost ite375pc23.cs.umbc.edu 
\o Working Directory:	ite375pc23.cs.umbc.edu:/afs/umbc.edu/users/r/a/rajjyap1/home/cmpe413
\o 64-bit offsets
\o Qt version: 		5.9.1
\o Log file is "/afs/umbc.edu/users/r/a/rajjyap1/home/cmpe413/libManager.log".
\o Opening libManager window.
\a nrSetCurrentWindow(cdsLibManager)
\a nrResizeWindow(cdsLibManager list(689 212 914 861))
\o changeWorkingDir("/afs/umbc.edu/users/r/a/rajjyap1/home/cmpe413") unnecessary.
\o ddSetForcedLib("") unnecessary.
\o MPS service: map window
\w Warning: LIB NCSU_Analog_Parts from File /afs/umbc.edu/users/r/a/rajjyap1/home/cmpe413/cds.lib Line 10 redefines
\w LIB NCSU_Analog_Parts from File /afs/umbc.edu/software/cadence/design_kits/ncsu-cdk-1.6.0.beta/cdssetup/cds.lib
\w Insert UNDEFINE NCSU_Analog_Parts
\w before DEFINE NCSU_Analog_Parts
\w     in /afs/umbc.edu/users/r/a/rajjyap1/home/cmpe413/cds.lib
\w Or remove or comment out DEFINE NCSU_Analog_Parts
\w     in /afs/umbc.edu/software/cadence/design_kits/ncsu-cdk-1.6.0.beta/cdssetup/cds.lib
\w to suppress this warning message.
\w Warning: LIB NCSU_Digital_Parts from File /afs/umbc.edu/users/r/a/rajjyap1/home/cmpe413/cds.lib Line 11 redefines
\w LIB NCSU_Digital_Parts from File /afs/umbc.edu/software/cadence/design_kits/ncsu-cdk-1.6.0.beta/cdssetup/cds.lib
\w Insert UNDEFINE NCSU_Digital_Parts
\w before DEFINE NCSU_Digital_Parts
\w     in /afs/umbc.edu/users/r/a/rajjyap1/home/cmpe413/cds.lib
\w Or remove or comment out DEFINE NCSU_Digital_Parts
\w     in /afs/umbc.edu/software/cadence/design_kits/ncsu-cdk-1.6.0.beta/cdssetup/cds.lib
\w to suppress this warning message.
\w Warning: LIB NCSU_TechLib_ami06 from File /afs/umbc.edu/users/r/a/rajjyap1/home/cmpe413/cds.lib Line 12 redefines
\w LIB NCSU_TechLib_ami06 from File /afs/umbc.edu/software/cadence/design_kits/ncsu-cdk-1.6.0.beta/cdssetup/cds.lib
\w Insert UNDEFINE NCSU_TechLib_ami06
\w before DEFINE NCSU_TechLib_ami06
\w     in /afs/umbc.edu/users/r/a/rajjyap1/home/cmpe413/cds.lib
\w Or remove or comment out DEFINE NCSU_TechLib_ami06
\w     in /afs/umbc.edu/software/cadence/design_kits/ncsu-cdk-1.6.0.beta/cdssetup/cds.lib
\w to suppress this warning message.
\w Warning: LIB NCSU_TechLib_ami16 from File /afs/umbc.edu/users/r/a/rajjyap1/home/cmpe413/cds.lib Line 13 redefines
\w LIB NCSU_TechLib_ami16 from File /afs/umbc.edu/software/cadence/design_kits/ncsu-cdk-1.6.0.beta/cdssetup/cds.lib
\w Insert UNDEFINE NCSU_TechLib_ami16
\w before DEFINE NCSU_TechLib_ami16
\w     in /afs/umbc.edu/users/r/a/rajjyap1/home/cmpe413/cds.lib
\w Or remove or comment out DEFINE NCSU_TechLib_ami16
\w     in /afs/umbc.edu/software/cadence/design_kits/ncsu-cdk-1.6.0.beta/cdssetup/cds.lib
\w to suppress this warning message.
\w Warning: LIB NCSU_TechLib_hp06 from File /afs/umbc.edu/users/r/a/rajjyap1/home/cmpe413/cds.lib Line 14 redefines
\w LIB NCSU_TechLib_hp06 from File /afs/umbc.edu/software/cadence/design_kits/ncsu-cdk-1.6.0.beta/cdssetup/cds.lib
\w Insert UNDEFINE NCSU_TechLib_hp06
\w before DEFINE NCSU_TechLib_hp06
\w     in /afs/umbc.edu/users/r/a/rajjyap1/home/cmpe413/cds.lib
\w Or remove or comment out DEFINE NCSU_TechLib_hp06
\w     in /afs/umbc.edu/software/cadence/design_kits/ncsu-cdk-1.6.0.beta/cdssetup/cds.lib
\w to suppress this warning message.
\w Warning: LIB NCSU_TechLib_tsmc02 from File /afs/umbc.edu/users/r/a/rajjyap1/home/cmpe413/cds.lib Line 15 redefines
\w LIB NCSU_TechLib_tsmc02 from File /afs/umbc.edu/software/cadence/design_kits/ncsu-cdk-1.6.0.beta/cdssetup/cds.lib
\w Insert UNDEFINE NCSU_TechLib_tsmc02
\w before DEFINE NCSU_TechLib_tsmc02
\w     in /afs/umbc.edu/users/r/a/rajjyap1/home/cmpe413/cds.lib
\w Or remove or comment out DEFINE NCSU_TechLib_tsmc02
\w     in /afs/umbc.edu/software/cadence/design_kits/ncsu-cdk-1.6.0.beta/cdssetup/cds.lib
\w to suppress this warning message.
\w Warning: LIB NCSU_TechLib_tsmc02d from File /afs/umbc.edu/users/r/a/rajjyap1/home/cmpe413/cds.lib Line 16 redefines
\w LIB NCSU_TechLib_tsmc02d from File /afs/umbc.edu/software/cadence/design_kits/ncsu-cdk-1.6.0.beta/cdssetup/cds.lib
\w Insert UNDEFINE NCSU_TechLib_tsmc02d
\w before DEFINE NCSU_TechLib_tsmc02d
\w     in /afs/umbc.edu/users/r/a/rajjyap1/home/cmpe413/cds.lib
\w Or remove or comment out DEFINE NCSU_TechLib_tsmc02d
\w     in /afs/umbc.edu/software/cadence/design_kits/ncsu-cdk-1.6.0.beta/cdssetup/cds.lib
\w to suppress this warning message.
\w Warning: LIB NCSU_TechLib_tsmc03 from File /afs/umbc.edu/users/r/a/rajjyap1/home/cmpe413/cds.lib Line 17 redefines
\w LIB NCSU_TechLib_tsmc03 from File /afs/umbc.edu/software/cadence/design_kits/ncsu-cdk-1.6.0.beta/cdssetup/cds.lib
\w Insert UNDEFINE NCSU_TechLib_tsmc03
\w before DEFINE NCSU_TechLib_tsmc03
\w     in /afs/umbc.edu/users/r/a/rajjyap1/home/cmpe413/cds.lib
\w Or remove or comment out DEFINE NCSU_TechLib_tsmc03
\w     in /afs/umbc.edu/software/cadence/design_kits/ncsu-cdk-1.6.0.beta/cdssetup/cds.lib
\w to suppress this warning message.
\w Warning: LIB NCSU_TechLib_tsmc03d from File /afs/umbc.edu/users/r/a/rajjyap1/home/cmpe413/cds.lib Line 18 redefines
\w LIB NCSU_TechLib_tsmc03d from File /afs/umbc.edu/software/cadence/design_kits/ncsu-cdk-1.6.0.beta/cdssetup/cds.lib
\w Insert UNDEFINE NCSU_TechLib_tsmc03d
\w before DEFINE NCSU_TechLib_tsmc03d
\w     in /afs/umbc.edu/users/r/a/rajjyap1/home/cmpe413/cds.lib
\w Or remove or comment out DEFINE NCSU_TechLib_tsmc03d
\w     in /afs/umbc.edu/software/cadence/design_kits/ncsu-cdk-1.6.0.beta/cdssetup/cds.lib
\w to suppress this warning message.
\w Warning: LIB NCSU_TechLib_tsmc04_4M2P from File /afs/umbc.edu/users/r/a/rajjyap1/home/cmpe413/cds.lib Line 19 redefines
\w LIB NCSU_TechLib_tsmc04_4M2P from File /afs/umbc.edu/software/cadence/design_kits/ncsu-cdk-1.6.0.beta/cdssetup/cds.lib
\w Insert UNDEFINE NCSU_TechLib_tsmc04_4M2P
\w before DEFINE NCSU_TechLib_tsmc04_4M2P
\w     in /afs/umbc.edu/users/r/a/rajjyap1/home/cmpe413/cds.lib
\w Or remove or comment out DEFINE NCSU_TechLib_tsmc04_4M2P
\w     in /afs/umbc.edu/software/cadence/design_kits/ncsu-cdk-1.6.0.beta/cdssetup/cds.lib
\w to suppress this warning message.
\o Library Manager customization server connected.
\a nrSetCurrentWindow(cdsLibManager)
\a nrResizeWindow(cdsLibManager list(1270 860 914 861))
\a cdsLibManager->editLibraryPathButton->value = t
\o Starting the cdsLibEditor...
\a nrSetCurrentWindow(cdsLibManager)
\a cdsLibManager->editLibraryPathButton->value = t
\o Starting the cdsLibEditor...
\a nrSetCurrentWindow(cdsLibManager)
\a cdsLibManager->libListBox->value = "vhdl"
\a cdsLibManager->libLineEdit->value = "vhdl"
\a nrListItemAction(cdsLibManager->libListBox "vhdl" 0)
\a cdsLibManager->libListBox->value = "cdsDefTechLib"
\a cdsLibManager->libLineEdit->value = "cdsDefTechLib"
\a cdsLibManager->libListBox->value = "basic"
\a cdsLibManager->libLineEdit->value = "basic"
\a nrListItemAction(cdsLibManager->libListBox "basic" 0)
\a cdsLibManager->cellListBox->value = "CGND"
\a cdsLibManager->cellLineEdit->value = "CGND"
\a cdsLibManager->libListBox->value = "NCSU_Digital_Parts"
\a cdsLibManager->libLineEdit->value = "NCSU_Digital_Parts"
\a cdsLibManager->cellLineEdit->value = ""
\a cdsLibManager->cellListBox->value = nil
\a cdsLibManager->editLibraryPathButton->value = t
\o Starting the cdsLibEditor...
\o MPS request: update library list
\a cdsLibManager->libListBox->value = nil
\a cdsLibManager->libLineEdit->value = ""
\w Warning: LIB NCSU_Analog_Parts from File /afs/umbc.edu/users/r/a/rajjyap1/home/cmpe413/cds.lib Line 12 redefines
\w LIB NCSU_Analog_Parts from File /afs/umbc.edu/software/cadence/design_kits/ncsu-cdk-1.6.0.beta/cdssetup/cds.lib
\w Insert UNDEFINE NCSU_Analog_Parts
\w before DEFINE NCSU_Analog_Parts
\w     in /afs/umbc.edu/users/r/a/rajjyap1/home/cmpe413/cds.lib
\w Or remove or comment out DEFINE NCSU_Analog_Parts
\w     in /afs/umbc.edu/software/cadence/design_kits/ncsu-cdk-1.6.0.beta/cdssetup/cds.lib
\w to suppress this warning message.
\w Warning: LIB NCSU_Digital_Parts from File /afs/umbc.edu/users/r/a/rajjyap1/home/cmpe413/cds.lib Line 13 redefines
\w LIB NCSU_Digital_Parts from File /afs/umbc.edu/software/cadence/design_kits/ncsu-cdk-1.6.0.beta/cdssetup/cds.lib
\w Insert UNDEFINE NCSU_Digital_Parts
\w before DEFINE NCSU_Digital_Parts
\w     in /afs/umbc.edu/users/r/a/rajjyap1/home/cmpe413/cds.lib
\w Or remove or comment out DEFINE NCSU_Digital_Parts
\w     in /afs/umbc.edu/software/cadence/design_kits/ncsu-cdk-1.6.0.beta/cdssetup/cds.lib
\w to suppress this warning message.
\w Warning: LIB NCSU_TechLib_ami06 from File /afs/umbc.edu/users/r/a/rajjyap1/home/cmpe413/cds.lib Line 14 redefines
\w LIB NCSU_TechLib_ami06 from File /afs/umbc.edu/software/cadence/design_kits/ncsu-cdk-1.6.0.beta/cdssetup/cds.lib
\w Insert UNDEFINE NCSU_TechLib_ami06
\w before DEFINE NCSU_TechLib_ami06
\w     in /afs/umbc.edu/users/r/a/rajjyap1/home/cmpe413/cds.lib
\w Or remove or comment out DEFINE NCSU_TechLib_ami06
\w     in /afs/umbc.edu/software/cadence/design_kits/ncsu-cdk-1.6.0.beta/cdssetup/cds.lib
\w to suppress this warning message.
\w Warning: LIB NCSU_TechLib_ami16 from File /afs/umbc.edu/users/r/a/rajjyap1/home/cmpe413/cds.lib Line 15 redefines
\w LIB NCSU_TechLib_ami16 from File /afs/umbc.edu/software/cadence/design_kits/ncsu-cdk-1.6.0.beta/cdssetup/cds.lib
\w Insert UNDEFINE NCSU_TechLib_ami16
\w before DEFINE NCSU_TechLib_ami16
\w     in /afs/umbc.edu/users/r/a/rajjyap1/home/cmpe413/cds.lib
\w Or remove or comment out DEFINE NCSU_TechLib_ami16
\w     in /afs/umbc.edu/software/cadence/design_kits/ncsu-cdk-1.6.0.beta/cdssetup/cds.lib
\w to suppress this warning message.
\w Warning: LIB NCSU_TechLib_hp06 from File /afs/umbc.edu/users/r/a/rajjyap1/home/cmpe413/cds.lib Line 16 redefines
\w LIB NCSU_TechLib_hp06 from File /afs/umbc.edu/software/cadence/design_kits/ncsu-cdk-1.6.0.beta/cdssetup/cds.lib
\w Insert UNDEFINE NCSU_TechLib_hp06
\w before DEFINE NCSU_TechLib_hp06
\w     in /afs/umbc.edu/users/r/a/rajjyap1/home/cmpe413/cds.lib
\w Or remove or comment out DEFINE NCSU_TechLib_hp06
\w     in /afs/umbc.edu/software/cadence/design_kits/ncsu-cdk-1.6.0.beta/cdssetup/cds.lib
\w to suppress this warning message.
\w Warning: LIB NCSU_TechLib_tsmc02 from File /afs/umbc.edu/users/r/a/rajjyap1/home/cmpe413/cds.lib Line 17 redefines
\w LIB NCSU_TechLib_tsmc02 from File /afs/umbc.edu/software/cadence/design_kits/ncsu-cdk-1.6.0.beta/cdssetup/cds.lib
\w Insert UNDEFINE NCSU_TechLib_tsmc02
\w before DEFINE NCSU_TechLib_tsmc02
\w     in /afs/umbc.edu/users/r/a/rajjyap1/home/cmpe413/cds.lib
\w Or remove or comment out DEFINE NCSU_TechLib_tsmc02
\w     in /afs/umbc.edu/software/cadence/design_kits/ncsu-cdk-1.6.0.beta/cdssetup/cds.lib
\w to suppress this warning message.
\w Warning: LIB NCSU_TechLib_tsmc02d from File /afs/umbc.edu/users/r/a/rajjyap1/home/cmpe413/cds.lib Line 18 redefines
\w LIB NCSU_TechLib_tsmc02d from File /afs/umbc.edu/software/cadence/design_kits/ncsu-cdk-1.6.0.beta/cdssetup/cds.lib
\w Insert UNDEFINE NCSU_TechLib_tsmc02d
\w before DEFINE NCSU_TechLib_tsmc02d
\w     in /afs/umbc.edu/users/r/a/rajjyap1/home/cmpe413/cds.lib
\w Or remove or comment out DEFINE NCSU_TechLib_tsmc02d
\w     in /afs/umbc.edu/software/cadence/design_kits/ncsu-cdk-1.6.0.beta/cdssetup/cds.lib
\w to suppress this warning message.
\w Warning: LIB NCSU_TechLib_tsmc03 from File /afs/umbc.edu/users/r/a/rajjyap1/home/cmpe413/cds.lib Line 19 redefines
\w LIB NCSU_TechLib_tsmc03 from File /afs/umbc.edu/software/cadence/design_kits/ncsu-cdk-1.6.0.beta/cdssetup/cds.lib
\w Insert UNDEFINE NCSU_TechLib_tsmc03
\w before DEFINE NCSU_TechLib_tsmc03
\w     in /afs/umbc.edu/users/r/a/rajjyap1/home/cmpe413/cds.lib
\w Or remove or comment out DEFINE NCSU_TechLib_tsmc03
\w     in /afs/umbc.edu/software/cadence/design_kits/ncsu-cdk-1.6.0.beta/cdssetup/cds.lib
\w to suppress this warning message.
\w Warning: LIB NCSU_TechLib_tsmc03d from File /afs/umbc.edu/users/r/a/rajjyap1/home/cmpe413/cds.lib Line 20 redefines
\w LIB NCSU_TechLib_tsmc03d from File /afs/umbc.edu/software/cadence/design_kits/ncsu-cdk-1.6.0.beta/cdssetup/cds.lib
\w Insert UNDEFINE NCSU_TechLib_tsmc03d
\w before DEFINE NCSU_TechLib_tsmc03d
\w     in /afs/umbc.edu/users/r/a/rajjyap1/home/cmpe413/cds.lib
\w Or remove or comment out DEFINE NCSU_TechLib_tsmc03d
\w     in /afs/umbc.edu/software/cadence/design_kits/ncsu-cdk-1.6.0.beta/cdssetup/cds.lib
\w to suppress this warning message.
\w Warning: LIB NCSU_TechLib_tsmc04_4M2P from File /afs/umbc.edu/users/r/a/rajjyap1/home/cmpe413/cds.lib Line 21 redefines
\w LIB NCSU_TechLib_tsmc04_4M2P from File /afs/umbc.edu/software/cadence/design_kits/ncsu-cdk-1.6.0.beta/cdssetup/cds.lib
\w Insert UNDEFINE NCSU_TechLib_tsmc04_4M2P
\w before DEFINE NCSU_TechLib_tsmc04_4M2P
\w     in /afs/umbc.edu/users/r/a/rajjyap1/home/cmpe413/cds.lib
\w Or remove or comment out DEFINE NCSU_TechLib_tsmc04_4M2P
\w     in /afs/umbc.edu/software/cadence/design_kits/ncsu-cdk-1.6.0.beta/cdssetup/cds.lib
\w to suppress this warning message.
\a cdsLibManager->libListBox->value = "NCSU_Digital_Parts"
\a cdsLibManager->libLineEdit->value = "NCSU_Digital_Parts"
\a nrSetCurrentWindow(cdsLibManager)
\a cdsLibManager->libListBox->value = "gpdk045"
\a cdsLibManager->libLineEdit->value = "gpdk045"
\a cdsLibManager->cellListBox->value = "ind_s"
\a cdsLibManager->cellLineEdit->value = "ind_s"
\a cdsLibManager->cellListBox->value = "ind_s_w2_rcross"
\a cdsLibManager->cellLineEdit->value = "ind_s_w2_rcross"
\a cdsLibManager->viewListBox->value = "layout"
\a cdsLibManager->viewLineEdit->value = "layout"
\a nrSetCurrentWindow(cdsLibManager)
\a nrSetCurrentWindow(cdsLibManager)
\a nrSetCurrentWindow(cdsLibManager)
\a nrResizeWindow(cdsLibManager list(1416 748 914 861))
\a nrSetCurrentWindow(cdsLibManager)
\a nrResizeWindow(cdsLibManager list(1400 740 914 861))
\a nrSetCurrentWindow(cdsLibManager)
\a cdsLibManager->libListBox->value = "basic"
\a cdsLibManager->libLineEdit->value = "basic"
\a cdsLibManager->cellLineEdit->value = ""
\a cdsLibManager->cellListBox->value = nil
\a cdsLibManager->viewLineEdit->value = ""
\a cdsLibManager->viewListBox->value = nil
\a nrListItemAction(cdsLibManager->libListBox "basic" 0)
\a cdsLibManager->cellListBox->value = "VDD"
\a cdsLibManager->cellLineEdit->value = "VDD"
\o MPS request: edit design
\a nrListItemAction(cdsLibManager->cellListBox 8 0)
\a cdsLibManager->libListBox->value = nil
\a cdsLibManager->libLineEdit->value = ""
\a cdsLibManager->cellLineEdit->value = ""
\a cdsLibManager->cellListBox->value = nil
\w Warning: LIB NCSU_Analog_Parts from File /afs/umbc.edu/users/r/a/rajjyap1/home/cmpe413/cds.lib Line 12 redefines
\w LIB NCSU_Analog_Parts from File /afs/umbc.edu/software/cadence/design_kits/ncsu-cdk-1.6.0.beta/cdssetup/cds.lib
\w Insert UNDEFINE NCSU_Analog_Parts
\w before DEFINE NCSU_Analog_Parts
\w     in /afs/umbc.edu/users/r/a/rajjyap1/home/cmpe413/cds.lib
\w Or remove or comment out DEFINE NCSU_Analog_Parts
\w     in /afs/umbc.edu/software/cadence/design_kits/ncsu-cdk-1.6.0.beta/cdssetup/cds.lib
\w to suppress this warning message.
\w Warning: LIB NCSU_Digital_Parts from File /afs/umbc.edu/users/r/a/rajjyap1/home/cmpe413/cds.lib Line 13 redefines
\w LIB NCSU_Digital_Parts from File /afs/umbc.edu/software/cadence/design_kits/ncsu-cdk-1.6.0.beta/cdssetup/cds.lib
\w Insert UNDEFINE NCSU_Digital_Parts
\w before DEFINE NCSU_Digital_Parts
\w     in /afs/umbc.edu/users/r/a/rajjyap1/home/cmpe413/cds.lib
\w Or remove or comment out DEFINE NCSU_Digital_Parts
\w     in /afs/umbc.edu/software/cadence/design_kits/ncsu-cdk-1.6.0.beta/cdssetup/cds.lib
\w to suppress this warning message.
\w Warning: LIB NCSU_TechLib_ami06 from File /afs/umbc.edu/users/r/a/rajjyap1/home/cmpe413/cds.lib Line 14 redefines
\w LIB NCSU_TechLib_ami06 from File /afs/umbc.edu/software/cadence/design_kits/ncsu-cdk-1.6.0.beta/cdssetup/cds.lib
\w Insert UNDEFINE NCSU_TechLib_ami06
\w before DEFINE NCSU_TechLib_ami06
\w     in /afs/umbc.edu/users/r/a/rajjyap1/home/cmpe413/cds.lib
\w Or remove or comment out DEFINE NCSU_TechLib_ami06
\w     in /afs/umbc.edu/software/cadence/design_kits/ncsu-cdk-1.6.0.beta/cdssetup/cds.lib
\w to suppress this warning message.
\w Warning: LIB NCSU_TechLib_ami16 from File /afs/umbc.edu/users/r/a/rajjyap1/home/cmpe413/cds.lib Line 15 redefines
\w LIB NCSU_TechLib_ami16 from File /afs/umbc.edu/software/cadence/design_kits/ncsu-cdk-1.6.0.beta/cdssetup/cds.lib
\w Insert UNDEFINE NCSU_TechLib_ami16
\w before DEFINE NCSU_TechLib_ami16
\w     in /afs/umbc.edu/users/r/a/rajjyap1/home/cmpe413/cds.lib
\w Or remove or comment out DEFINE NCSU_TechLib_ami16
\w     in /afs/umbc.edu/software/cadence/design_kits/ncsu-cdk-1.6.0.beta/cdssetup/cds.lib
\w to suppress this warning message.
\w Warning: LIB NCSU_TechLib_hp06 from File /afs/umbc.edu/users/r/a/rajjyap1/home/cmpe413/cds.lib Line 16 redefines
\w LIB NCSU_TechLib_hp06 from File /afs/umbc.edu/software/cadence/design_kits/ncsu-cdk-1.6.0.beta/cdssetup/cds.lib
\w Insert UNDEFINE NCSU_TechLib_hp06
\w before DEFINE NCSU_TechLib_hp06
\w     in /afs/umbc.edu/users/r/a/rajjyap1/home/cmpe413/cds.lib
\w Or remove or comment out DEFINE NCSU_TechLib_hp06
\w     in /afs/umbc.edu/software/cadence/design_kits/ncsu-cdk-1.6.0.beta/cdssetup/cds.lib
\w to suppress this warning message.
\w Warning: LIB NCSU_TechLib_tsmc02 from File /afs/umbc.edu/users/r/a/rajjyap1/home/cmpe413/cds.lib Line 17 redefines
\w LIB NCSU_TechLib_tsmc02 from File /afs/umbc.edu/software/cadence/design_kits/ncsu-cdk-1.6.0.beta/cdssetup/cds.lib
\w Insert UNDEFINE NCSU_TechLib_tsmc02
\w before DEFINE NCSU_TechLib_tsmc02
\w     in /afs/umbc.edu/users/r/a/rajjyap1/home/cmpe413/cds.lib
\w Or remove or comment out DEFINE NCSU_TechLib_tsmc02
\w     in /afs/umbc.edu/software/cadence/design_kits/ncsu-cdk-1.6.0.beta/cdssetup/cds.lib
\w to suppress this warning message.
\w Warning: LIB NCSU_TechLib_tsmc02d from File /afs/umbc.edu/users/r/a/rajjyap1/home/cmpe413/cds.lib Line 18 redefines
\w LIB NCSU_TechLib_tsmc02d from File /afs/umbc.edu/software/cadence/design_kits/ncsu-cdk-1.6.0.beta/cdssetup/cds.lib
\w Insert UNDEFINE NCSU_TechLib_tsmc02d
\w before DEFINE NCSU_TechLib_tsmc02d
\w     in /afs/umbc.edu/users/r/a/rajjyap1/home/cmpe413/cds.lib
\w Or remove or comment out DEFINE NCSU_TechLib_tsmc02d
\w     in /afs/umbc.edu/software/cadence/design_kits/ncsu-cdk-1.6.0.beta/cdssetup/cds.lib
\w to suppress this warning message.
\w Warning: LIB NCSU_TechLib_tsmc03 from File /afs/umbc.edu/users/r/a/rajjyap1/home/cmpe413/cds.lib Line 19 redefines
\w LIB NCSU_TechLib_tsmc03 from File /afs/umbc.edu/software/cadence/design_kits/ncsu-cdk-1.6.0.beta/cdssetup/cds.lib
\w Insert UNDEFINE NCSU_TechLib_tsmc03
\w before DEFINE NCSU_TechLib_tsmc03
\w     in /afs/umbc.edu/users/r/a/rajjyap1/home/cmpe413/cds.lib
\w Or remove or comment out DEFINE NCSU_TechLib_tsmc03
\w     in /afs/umbc.edu/software/cadence/design_kits/ncsu-cdk-1.6.0.beta/cdssetup/cds.lib
\w to suppress this warning message.
\w Warning: LIB NCSU_TechLib_tsmc03d from File /afs/umbc.edu/users/r/a/rajjyap1/home/cmpe413/cds.lib Line 20 redefines
\w LIB NCSU_TechLib_tsmc03d from File /afs/umbc.edu/software/cadence/design_kits/ncsu-cdk-1.6.0.beta/cdssetup/cds.lib
\w Insert UNDEFINE NCSU_TechLib_tsmc03d
\w before DEFINE NCSU_TechLib_tsmc03d
\w     in /afs/umbc.edu/users/r/a/rajjyap1/home/cmpe413/cds.lib
\w Or remove or comment out DEFINE NCSU_TechLib_tsmc03d
\w     in /afs/umbc.edu/software/cadence/design_kits/ncsu-cdk-1.6.0.beta/cdssetup/cds.lib
\w to suppress this warning message.
\w Warning: LIB NCSU_TechLib_tsmc04_4M2P from File /afs/umbc.edu/users/r/a/rajjyap1/home/cmpe413/cds.lib Line 21 redefines
\w LIB NCSU_TechLib_tsmc04_4M2P from File /afs/umbc.edu/software/cadence/design_kits/ncsu-cdk-1.6.0.beta/cdssetup/cds.lib
\w Insert UNDEFINE NCSU_TechLib_tsmc04_4M2P
\w before DEFINE NCSU_TechLib_tsmc04_4M2P
\w     in /afs/umbc.edu/users/r/a/rajjyap1/home/cmpe413/cds.lib
\w Or remove or comment out DEFINE NCSU_TechLib_tsmc04_4M2P
\w     in /afs/umbc.edu/software/cadence/design_kits/ncsu-cdk-1.6.0.beta/cdssetup/cds.lib
\w to suppress this warning message.
\a cdsLibManager->libListBox->value = "basic"
\a cdsLibManager->libLineEdit->value = "basic"
\a cdsLibManager->cellListBox->value = "VDD"
\a cdsLibManager->cellLineEdit->value = "VDD"
\a cdsLibManager->viewListBox->value = "symbol"
\a cdsLibManager->viewLineEdit->value = "symbol"
\o MPS request: edit design
\a nrListItemAction(cdsLibManager->gdmXTView 1 0)
\a nrSetCurrentWindow(cdsLibManager)
\a cdsLibManager->libListBox->value = nil
\a cdsLibManager->libLineEdit->value = ""
\a cdsLibManager->cellListBox->value = nil
\a cdsLibManager->viewLineEdit->value = ""
\a cdsLibManager->viewListBox->value = nil
\a cdsLibManager->cellLineEdit->value = ""
\w Warning: LIB NCSU_Analog_Parts from File /afs/umbc.edu/users/r/a/rajjyap1/home/cmpe413/cds.lib Line 12 redefines
\w LIB NCSU_Analog_Parts from File /afs/umbc.edu/software/cadence/design_kits/ncsu-cdk-1.6.0.beta/cdssetup/cds.lib
\w Insert UNDEFINE NCSU_Analog_Parts
\w before DEFINE NCSU_Analog_Parts
\w     in /afs/umbc.edu/users/r/a/rajjyap1/home/cmpe413/cds.lib
\w Or remove or comment out DEFINE NCSU_Analog_Parts
\w     in /afs/umbc.edu/software/cadence/design_kits/ncsu-cdk-1.6.0.beta/cdssetup/cds.lib
\w to suppress this warning message.
\w Warning: LIB NCSU_Digital_Parts from File /afs/umbc.edu/users/r/a/rajjyap1/home/cmpe413/cds.lib Line 13 redefines
\w LIB NCSU_Digital_Parts from File /afs/umbc.edu/software/cadence/design_kits/ncsu-cdk-1.6.0.beta/cdssetup/cds.lib
\w Insert UNDEFINE NCSU_Digital_Parts
\w before DEFINE NCSU_Digital_Parts
\w     in /afs/umbc.edu/users/r/a/rajjyap1/home/cmpe413/cds.lib
\w Or remove or comment out DEFINE NCSU_Digital_Parts
\w     in /afs/umbc.edu/software/cadence/design_kits/ncsu-cdk-1.6.0.beta/cdssetup/cds.lib
\w to suppress this warning message.
\w Warning: LIB NCSU_TechLib_ami06 from File /afs/umbc.edu/users/r/a/rajjyap1/home/cmpe413/cds.lib Line 14 redefines
\w LIB NCSU_TechLib_ami06 from File /afs/umbc.edu/software/cadence/design_kits/ncsu-cdk-1.6.0.beta/cdssetup/cds.lib
\w Insert UNDEFINE NCSU_TechLib_ami06
\w before DEFINE NCSU_TechLib_ami06
\w     in /afs/umbc.edu/users/r/a/rajjyap1/home/cmpe413/cds.lib
\w Or remove or comment out DEFINE NCSU_TechLib_ami06
\w     in /afs/umbc.edu/software/cadence/design_kits/ncsu-cdk-1.6.0.beta/cdssetup/cds.lib
\w to suppress this warning message.
\w Warning: LIB NCSU_TechLib_ami16 from File /afs/umbc.edu/users/r/a/rajjyap1/home/cmpe413/cds.lib Line 15 redefines
\w LIB NCSU_TechLib_ami16 from File /afs/umbc.edu/software/cadence/design_kits/ncsu-cdk-1.6.0.beta/cdssetup/cds.lib
\w Insert UNDEFINE NCSU_TechLib_ami16
\w before DEFINE NCSU_TechLib_ami16
\w     in /afs/umbc.edu/users/r/a/rajjyap1/home/cmpe413/cds.lib
\w Or remove or comment out DEFINE NCSU_TechLib_ami16
\w     in /afs/umbc.edu/software/cadence/design_kits/ncsu-cdk-1.6.0.beta/cdssetup/cds.lib
\w to suppress this warning message.
\w Warning: LIB NCSU_TechLib_hp06 from File /afs/umbc.edu/users/r/a/rajjyap1/home/cmpe413/cds.lib Line 16 redefines
\w LIB NCSU_TechLib_hp06 from File /afs/umbc.edu/software/cadence/design_kits/ncsu-cdk-1.6.0.beta/cdssetup/cds.lib
\w Insert UNDEFINE NCSU_TechLib_hp06
\w before DEFINE NCSU_TechLib_hp06
\w     in /afs/umbc.edu/users/r/a/rajjyap1/home/cmpe413/cds.lib
\w Or remove or comment out DEFINE NCSU_TechLib_hp06
\w     in /afs/umbc.edu/software/cadence/design_kits/ncsu-cdk-1.6.0.beta/cdssetup/cds.lib
\w to suppress this warning message.
\w Warning: LIB NCSU_TechLib_tsmc02 from File /afs/umbc.edu/users/r/a/rajjyap1/home/cmpe413/cds.lib Line 17 redefines
\w LIB NCSU_TechLib_tsmc02 from File /afs/umbc.edu/software/cadence/design_kits/ncsu-cdk-1.6.0.beta/cdssetup/cds.lib
\w Insert UNDEFINE NCSU_TechLib_tsmc02
\w before DEFINE NCSU_TechLib_tsmc02
\w     in /afs/umbc.edu/users/r/a/rajjyap1/home/cmpe413/cds.lib
\w Or remove or comment out DEFINE NCSU_TechLib_tsmc02
\w     in /afs/umbc.edu/software/cadence/design_kits/ncsu-cdk-1.6.0.beta/cdssetup/cds.lib
\w to suppress this warning message.
\w Warning: LIB NCSU_TechLib_tsmc02d from File /afs/umbc.edu/users/r/a/rajjyap1/home/cmpe413/cds.lib Line 18 redefines
\w LIB NCSU_TechLib_tsmc02d from File /afs/umbc.edu/software/cadence/design_kits/ncsu-cdk-1.6.0.beta/cdssetup/cds.lib
\w Insert UNDEFINE NCSU_TechLib_tsmc02d
\w before DEFINE NCSU_TechLib_tsmc02d
\w     in /afs/umbc.edu/users/r/a/rajjyap1/home/cmpe413/cds.lib
\w Or remove or comment out DEFINE NCSU_TechLib_tsmc02d
\w     in /afs/umbc.edu/software/cadence/design_kits/ncsu-cdk-1.6.0.beta/cdssetup/cds.lib
\w to suppress this warning message.
\w Warning: LIB NCSU_TechLib_tsmc03 from File /afs/umbc.edu/users/r/a/rajjyap1/home/cmpe413/cds.lib Line 19 redefines
\w LIB NCSU_TechLib_tsmc03 from File /afs/umbc.edu/software/cadence/design_kits/ncsu-cdk-1.6.0.beta/cdssetup/cds.lib
\w Insert UNDEFINE NCSU_TechLib_tsmc03
\w before DEFINE NCSU_TechLib_tsmc03
\w     in /afs/umbc.edu/users/r/a/rajjyap1/home/cmpe413/cds.lib
\w Or remove or comment out DEFINE NCSU_TechLib_tsmc03
\w     in /afs/umbc.edu/software/cadence/design_kits/ncsu-cdk-1.6.0.beta/cdssetup/cds.lib
\w to suppress this warning message.
\w Warning: LIB NCSU_TechLib_tsmc03d from File /afs/umbc.edu/users/r/a/rajjyap1/home/cmpe413/cds.lib Line 20 redefines
\w LIB NCSU_TechLib_tsmc03d from File /afs/umbc.edu/software/cadence/design_kits/ncsu-cdk-1.6.0.beta/cdssetup/cds.lib
\w Insert UNDEFINE NCSU_TechLib_tsmc03d
\w before DEFINE NCSU_TechLib_tsmc03d
\w     in /afs/umbc.edu/users/r/a/rajjyap1/home/cmpe413/cds.lib
\w Or remove or comment out DEFINE NCSU_TechLib_tsmc03d
\w     in /afs/umbc.edu/software/cadence/design_kits/ncsu-cdk-1.6.0.beta/cdssetup/cds.lib
\w to suppress this warning message.
\w Warning: LIB NCSU_TechLib_tsmc04_4M2P from File /afs/umbc.edu/users/r/a/rajjyap1/home/cmpe413/cds.lib Line 21 redefines
\w LIB NCSU_TechLib_tsmc04_4M2P from File /afs/umbc.edu/software/cadence/design_kits/ncsu-cdk-1.6.0.beta/cdssetup/cds.lib
\w Insert UNDEFINE NCSU_TechLib_tsmc04_4M2P
\w before DEFINE NCSU_TechLib_tsmc04_4M2P
\w     in /afs/umbc.edu/users/r/a/rajjyap1/home/cmpe413/cds.lib
\w Or remove or comment out DEFINE NCSU_TechLib_tsmc04_4M2P
\w     in /afs/umbc.edu/software/cadence/design_kits/ncsu-cdk-1.6.0.beta/cdssetup/cds.lib
\w to suppress this warning message.
\a cdsLibManager->libListBox->value = "basic"
\a cdsLibManager->libLineEdit->value = "basic"
\a cdsLibManager->cellListBox->value = "VDD"
\a cdsLibManager->cellLineEdit->value = "VDD"
\a cdsLibManager->viewListBox->value = "symbol"
\a cdsLibManager->viewLineEdit->value = "symbol"
\a cdsLibManager->viewLineEdit->value = ""
\a cdsLibManager->viewListBox->value = nil
\a cdsLibManager->viewListBox->value = "symbol"
\a cdsLibManager->viewLineEdit->value = "symbol"
\a nrSetCurrentWindow(cdsLibManager)
\a nrSetCurrentWindow(cdsLibManager)
\a nrSetWindowVisibility(cdsLibManager "hide")
\a _lmgrCloseIconify("cdsLibManager" 1)
\o MPS service: shutdown
\o libManager is exiting.
\a exit(0)
